<?xml version="1.0" encoding="UTF-8"?>
<testng-results ignored="0" total="3" passed="3" failed="0" skipped="0">
  <reporter-output>
  </reporter-output>
  <suite started-at="2024-07-12T13:01:38 IST" name="Default suite" finished-at="2024-07-12T13:01:40 IST" duration-ms="2376">
    <groups>
    </groups>
    <test started-at="2024-07-12T13:01:38 IST" name="Default test" finished-at="2024-07-12T13:01:40 IST" duration-ms="2376">
      <class name="API.AddAPI">
        <test-method signature="add(java.lang.String,java.lang.String,java.lang.String)[pri:0, instance:API.AddAPI@4ddced80]" started-at="2024-07-12T13:01:38 IST" name="add" data-provider="books" finished-at="2024-07-12T13:01:40 IST" duration-ms="1979" status="PASS">
          <params>
            <param index="0">
              <value>
                <![CDATA[12345]]>
              </value>
            </param>
            <param index="1">
              <value>
                <![CDATA[abcdef]]>
              </value>
            </param>
            <param index="2">
              <value>
                <![CDATA[Vishal]]>
              </value>
            </param>
          </params>
          <reporter-output>
          </reporter-output>
        </test-method> <!-- add -->
        <test-method signature="add(java.lang.String,java.lang.String,java.lang.String)[pri:0, instance:API.AddAPI@4ddced80]" started-at="2024-07-12T13:01:40 IST" name="add" data-provider="books" finished-at="2024-07-12T13:01:40 IST" duration-ms="179" status="PASS">
          <params>
            <param index="0">
              <value>
                <![CDATA[12345]]>
              </value>
            </param>
            <param index="1">
              <value>
                <![CDATA[abcdef]]>
              </value>
            </param>
            <param index="2">
              <value>
                <![CDATA[Tyagi]]>
              </value>
            </param>
          </params>
          <reporter-output>
          </reporter-output>
        </test-method> <!-- add -->
        <test-method signature="add(java.lang.String,java.lang.String,java.lang.String)[pri:0, instance:API.AddAPI@4ddced80]" started-at="2024-07-12T13:01:40 IST" name="add" data-provider="books" finished-at="2024-07-12T13:01:40 IST" duration-ms="154" status="PASS">
          <params>
            <param index="0">
              <value>
                <![CDATA[12345678]]>
              </value>
            </param>
            <param index="1">
              <value>
                <![CDATA[abcfegyh]]>
              </value>
            </param>
            <param index="2">
              <value>
                <![CDATA[VishalTyagi]]>
              </value>
            </param>
          </params>
          <reporter-output>
          </reporter-output>
        </test-method> <!-- add -->
      </class> <!-- API.AddAPI -->
    </test> <!-- Default test -->
  </suite> <!-- Default suite -->
</testng-results>
